----------------------------------------
Timestamp: 2015-06-17 15:07:24

Message: HandlingInstanceID: 61a75e50-527c-4df6-9f87-2f93e153bad4
An exception of type 'System.Exception' occurred and was caught.
----------------------------------------------------------------
06/17/2015 23:07:24
Type : System.Exception, mscorlib, Version=4.0.0.0, Culture=neutral, PublicKeyToken=b77a5c561934e089
Message : 控制器名称错误!
Source : EFWCoreLib
Help link : 
Data : System.Collections.ListDictionaryInternal
TargetSite : EFWCoreLib.WebFrame.HttpHandler.Controller.WebHttpController CreateController(System.String)
HResult : -2146233088
Stack Trace :    在 EFWCoreLib.WebFrame.HttpHandler.Controller.ControllerHelper.CreateController(String controllername)
   在 EFWCoreLib.WebFrame.HttpHandler.HttpHandlerInvoker.CmdInvoke(HttpContext context)
   在 EFWCoreLib.WebFrame.HttpHandler.APIHttpHandler.ProcessRequest(HttpContext context)

Additional Info:

MachineName : HY-PC
TimeStamp : 2015-06-17 15:07:24
FullName : Microsoft.Practices.EnterpriseLibrary.ExceptionHandling, Version=5.0.414.0, Culture=neutral, PublicKeyToken=31bf3856ad364e35
AppDomainName : 9198a704-1-130790272183129893
ThreadIdentity : 
WindowsIdentity : HY-PC\Administrator


Category: FileLog

Priority: 0

EventId: 100

Severity: Error

Title:Enterprise Library Exception Handling

Machine: HY-PC

App Domain: 9198a704-1-130790272183129893

ProcessId: 6392

Process Name: D:\工作台\efwplus_taobao\efwplus开发平台\PluginManageTool\NetWebServer.exe

Thread Name: 

Win32 ThreadId:7724

Extended Properties: 
----------------------------------------
----------------------------------------
Timestamp: 2015-06-17 15:07:25

Message: HandlingInstanceID: ce31d7a5-f1df-463c-9a5e-66e1a1fe84ef
An exception of type 'System.Exception' occurred and was caught.
----------------------------------------------------------------
06/17/2015 23:07:25
Type : System.Exception, mscorlib, Version=4.0.0.0, Culture=neutral, PublicKeyToken=b77a5c561934e089
Message : 控制器名称错误!
Source : EFWCoreLib
Help link : 
Data : System.Collections.ListDictionaryInternal
TargetSite : EFWCoreLib.WebFrame.HttpHandler.Controller.WebHttpController CreateController(System.String)
HResult : -2146233088
Stack Trace :    在 EFWCoreLib.WebFrame.HttpHandler.Controller.ControllerHelper.CreateController(String controllername)
   在 EFWCoreLib.WebFrame.HttpHandler.HttpHandlerInvoker.CmdInvoke(HttpContext context)
   在 EFWCoreLib.WebFrame.HttpHandler.APIHttpHandler.ProcessRequest(HttpContext context)

Additional Info:

MachineName : HY-PC
TimeStamp : 2015-06-17 15:07:25
FullName : Microsoft.Practices.EnterpriseLibrary.ExceptionHandling, Version=5.0.414.0, Culture=neutral, PublicKeyToken=31bf3856ad364e35
AppDomainName : 9198a704-1-130790272183129893
ThreadIdentity : 
WindowsIdentity : HY-PC\Administrator


Category: FileLog

Priority: 0

EventId: 100

Severity: Error

Title:Enterprise Library Exception Handling

Machine: HY-PC

App Domain: 9198a704-1-130790272183129893

ProcessId: 6392

Process Name: D:\工作台\efwplus_taobao\efwplus开发平台\PluginManageTool\NetWebServer.exe

Thread Name: 

Win32 ThreadId:7740

Extended Properties: 
----------------------------------------
----------------------------------------
Timestamp: 2015-06-24 14:29:43

Message: HandlingInstanceID: 50c2c162-bb38-4701-8901-868b85a8da9e
An exception of type 'System.Exception' occurred and was caught.
----------------------------------------------------------------
06/24/2015 22:29:43
Type : System.Exception, mscorlib, Version=4.0.0.0, Culture=neutral, PublicKeyToken=b77a5c561934e089
Message : 控制器名称错误!
Source : EFWCoreLib
Help link : 
Data : System.Collections.ListDictionaryInternal
TargetSite : EFWCoreLib.WebFrame.HttpHandler.Controller.WebHttpController CreateController(System.String)
HResult : -2146233088
Stack Trace :    在 EFWCoreLib.WebFrame.HttpHandler.Controller.ControllerHelper.CreateController(String controllername)
   在 EFWCoreLib.WebFrame.HttpHandler.HttpHandlerInvoker.CmdInvoke(HttpContext context)
   在 EFWCoreLib.WebFrame.HttpHandler.APIHttpHandler.ProcessRequest(HttpContext context)

Additional Info:

MachineName : HY-PC
TimeStamp : 2015-06-24 14:29:43
FullName : Microsoft.Practices.EnterpriseLibrary.ExceptionHandling, Version=5.0.414.0, Culture=neutral, PublicKeyToken=31bf3856ad364e35
AppDomainName : a98d7ec2-1-130796297548807924
ThreadIdentity : HY-PC\Administrator
WindowsIdentity : HY-PC\Administrator


Category: FileLog

Priority: 0

EventId: 100

Severity: Error

Title:Enterprise Library Exception Handling

Machine: HY-PC

App Domain: a98d7ec2-1-130796297548807924

ProcessId: 8928

Process Name: C:\Program Files (x86)\Common Files\Microsoft Shared\DevServer\11.0\WebDev.WebServer40.exe

Thread Name: 

Win32 ThreadId:5572

Extended Properties: 
----------------------------------------
----------------------------------------
Timestamp: 2015-06-24 14:32:39

Message: HandlingInstanceID: 09ebe2d7-850c-4634-8724-0378d58cac51
An exception of type 'System.Exception' occurred and was caught.
----------------------------------------------------------------
06/24/2015 22:32:39
Type : System.Exception, mscorlib, Version=4.0.0.0, Culture=neutral, PublicKeyToken=b77a5c561934e089
Message : 控制器名称错误!
Source : EFWCoreLib
Help link : 
Data : System.Collections.ListDictionaryInternal
TargetSite : EFWCoreLib.WebFrame.HttpHandler.Controller.WebHttpController CreateController(System.String)
HResult : -2146233088
Stack Trace :    在 EFWCoreLib.WebFrame.HttpHandler.Controller.ControllerHelper.CreateController(String controllername)
   在 EFWCoreLib.WebFrame.HttpHandler.HttpHandlerInvoker.CmdInvoke(HttpContext context)
   在 EFWCoreLib.WebFrame.HttpHandler.APIHttpHandler.ProcessRequest(HttpContext context)

Additional Info:

MachineName : HY-PC
TimeStamp : 2015-06-24 14:32:39
FullName : Microsoft.Practices.EnterpriseLibrary.ExceptionHandling, Version=5.0.414.0, Culture=neutral, PublicKeyToken=31bf3856ad364e35
AppDomainName : a98d7ec2-2-130796299512420236
ThreadIdentity : HY-PC\Administrator
WindowsIdentity : HY-PC\Administrator


Category: FileLog

Priority: 0

EventId: 100

Severity: Error

Title:Enterprise Library Exception Handling

Machine: HY-PC

App Domain: a98d7ec2-2-130796299512420236

ProcessId: 8928

Process Name: C:\Program Files (x86)\Common Files\Microsoft Shared\DevServer\11.0\WebDev.WebServer40.exe

Thread Name: 

Win32 ThreadId:8536

Extended Properties: 
----------------------------------------
----------------------------------------
Timestamp: 2015-06-24 14:34:02

Message: HandlingInstanceID: 605f3600-8ceb-4d22-8ee3-00809ab63769
An exception of type 'System.Exception' occurred and was caught.
----------------------------------------------------------------
06/24/2015 22:34:02
Type : System.Exception, mscorlib, Version=4.0.0.0, Culture=neutral, PublicKeyToken=b77a5c561934e089
Message : 控制器名称错误!
Source : EFWCoreLib
Help link : 
Data : System.Collections.ListDictionaryInternal
TargetSite : EFWCoreLib.WebFrame.HttpHandler.Controller.WebHttpController CreateController(System.String)
HResult : -2146233088
Stack Trace :    在 EFWCoreLib.WebFrame.HttpHandler.Controller.ControllerHelper.CreateController(String controllername)
   在 EFWCoreLib.WebFrame.HttpHandler.HttpHandlerInvoker.CmdInvoke(HttpContext context)
   在 EFWCoreLib.WebFrame.HttpHandler.APIHttpHandler.ProcessRequest(HttpContext context)

Additional Info:

MachineName : HY-PC
TimeStamp : 2015-06-24 14:34:02
FullName : Microsoft.Practices.EnterpriseLibrary.ExceptionHandling, Version=5.0.414.0, Culture=neutral, PublicKeyToken=31bf3856ad364e35
AppDomainName : a98d7ec2-2-130796299512420236
ThreadIdentity : HY-PC\Administrator
WindowsIdentity : HY-PC\Administrator


Category: FileLog

Priority: 0

EventId: 100

Severity: Error

Title:Enterprise Library Exception Handling

Machine: HY-PC

App Domain: a98d7ec2-2-130796299512420236

ProcessId: 8928

Process Name: C:\Program Files (x86)\Common Files\Microsoft Shared\DevServer\11.0\WebDev.WebServer40.exe

Thread Name: 

Win32 ThreadId:7228

Extended Properties: 
----------------------------------------
----------------------------------------
Timestamp: 2015-06-24 15:09:47

Message: HandlingInstanceID: c090e7f0-efa9-46f2-aa85-90c7947e718b
An exception of type 'System.Reflection.TargetInvocationException' occurred and was caught.
-------------------------------------------------------------------------------------------
06/24/2015 23:09:47
Type : System.Reflection.TargetInvocationException, mscorlib, Version=4.0.0.0, Culture=neutral, PublicKeyToken=b77a5c561934e089
Message : 调用的目标发生了异常。
Source : mscorlib
Help link : 
Data : System.Collections.ListDictionaryInternal
TargetSite : System.Object InvokeMethod(System.Object, System.Object[], System.Signature, Boolean)
HResult : -2146232828
Stack Trace :    在 System.RuntimeMethodHandle.InvokeMethod(Object target, Object[] arguments, Signature sig, Boolean constructor)
   在 System.Reflection.RuntimeMethodInfo.UnsafeInvokeInternal(Object obj, Object[] parameters, Object[] arguments)
   在 System.Reflection.RuntimeMethodInfo.Invoke(Object obj, BindingFlags invokeAttr, Binder binder, Object[] parameters, CultureInfo culture)
   在 System.Reflection.MethodBase.Invoke(Object obj, Object[] parameters)
   在 EFWCoreLib.WebFrame.HttpHandler.HttpHandlerInvoker.CmdInvoke(HttpContext context)
   在 EFWCoreLib.WebFrame.HttpHandler.APIHttpHandler.ProcessRequest(HttpContext context)

Additional Info:

MachineName : HY-PC
TimeStamp : 2015-06-24 15:09:47
FullName : Microsoft.Practices.EnterpriseLibrary.ExceptionHandling, Version=5.0.414.0, Culture=neutral, PublicKeyToken=31bf3856ad364e35
AppDomainName : 9198a704-1-130796321691988835
ThreadIdentity : 
WindowsIdentity : HY-PC\Administrator
	Inner Exception
	---------------
	Type : System.NullReferenceException, mscorlib, Version=4.0.0.0, Culture=neutral, PublicKeyToken=b77a5c561934e089
	Message : 未将对象引用设置到对象的实例。
	Source : WebUIFrame
	Help link : 
	Data : System.Collections.ListDictionaryInternal
	TargetSite : Boolean <GetLoginFirstMenu_Debug>b__15(WinMainUIFrame.Entity.BaseMenu)
	HResult : -2147467261
	Stack Trace :    在 WebUIFrame.WebController.LoadingMenuController.<>c__DisplayClass21.<GetLoginFirstMenu_Debug>b__15(BaseMenu x) 位置 d:\工作台\efwplus_taobao\pluginTrunk\WinMainUIFrame\WinMainUIFrame\WebController\LoadingMenuController.cs:行号 123
	   在 System.Collections.Generic.List`1.FindIndex(Int32 startIndex, Int32 count, Predicate`1 match)
	   在 WebUIFrame.WebController.LoadingMenuController.GetLoginFirstMenu_Debug() 位置 d:\工作台\efwplus_taobao\pluginTrunk\WinMainUIFrame\WinMainUIFrame\WebController\LoadingMenuController.cs:行号 123



Category: FileLog

Priority: 0

EventId: 100

Severity: Error

Title:Enterprise Library Exception Handling

Machine: HY-PC

App Domain: 9198a704-1-130796321691988835

ProcessId: 2360

Process Name: D:\工作台\efwplus_taobao\efwplus开发平台\PluginManageTool\NetWebServer.exe

Thread Name: 

Win32 ThreadId:5176

Extended Properties: 
----------------------------------------
----------------------------------------
Timestamp: 2015-06-24 15:09:58

Message: HandlingInstanceID: 0f8a0d66-b25f-4785-8a3c-1dcd20a9c0dc
An exception of type 'System.Reflection.TargetInvocationException' occurred and was caught.
-------------------------------------------------------------------------------------------
06/24/2015 23:09:58
Type : System.Reflection.TargetInvocationException, mscorlib, Version=4.0.0.0, Culture=neutral, PublicKeyToken=b77a5c561934e089
Message : 调用的目标发生了异常。
Source : mscorlib
Help link : 
Data : System.Collections.ListDictionaryInternal
TargetSite : System.Object InvokeMethod(System.Object, System.Object[], System.Signature, Boolean)
HResult : -2146232828
Stack Trace :    在 System.RuntimeMethodHandle.InvokeMethod(Object target, Object[] arguments, Signature sig, Boolean constructor)
   在 System.Reflection.RuntimeMethodInfo.UnsafeInvokeInternal(Object obj, Object[] parameters, Object[] arguments)
   在 System.Reflection.RuntimeMethodInfo.Invoke(Object obj, BindingFlags invokeAttr, Binder binder, Object[] parameters, CultureInfo culture)
   在 System.Reflection.MethodBase.Invoke(Object obj, Object[] parameters)
   在 EFWCoreLib.WebFrame.HttpHandler.HttpHandlerInvoker.CmdInvoke(HttpContext context)
   在 EFWCoreLib.WebFrame.HttpHandler.APIHttpHandler.ProcessRequest(HttpContext context)

Additional Info:

MachineName : HY-PC
TimeStamp : 2015-06-24 15:09:58
FullName : Microsoft.Practices.EnterpriseLibrary.ExceptionHandling, Version=5.0.414.0, Culture=neutral, PublicKeyToken=31bf3856ad364e35
AppDomainName : 9198a704-1-130796321691988835
ThreadIdentity : 
WindowsIdentity : HY-PC\Administrator
	Inner Exception
	---------------
	Type : System.NullReferenceException, mscorlib, Version=4.0.0.0, Culture=neutral, PublicKeyToken=b77a5c561934e089
	Message : 未将对象引用设置到对象的实例。
	Source : WebUIFrame
	Help link : 
	Data : System.Collections.ListDictionaryInternal
	TargetSite : Boolean <GetLoginFirstMenu_Debug>b__15(WinMainUIFrame.Entity.BaseMenu)
	HResult : -2147467261
	Stack Trace :    在 WebUIFrame.WebController.LoadingMenuController.<>c__DisplayClass21.<GetLoginFirstMenu_Debug>b__15(BaseMenu x) 位置 d:\工作台\efwplus_taobao\pluginTrunk\WinMainUIFrame\WinMainUIFrame\WebController\LoadingMenuController.cs:行号 123
	   在 System.Collections.Generic.List`1.FindIndex(Int32 startIndex, Int32 count, Predicate`1 match)
	   在 WebUIFrame.WebController.LoadingMenuController.GetLoginFirstMenu_Debug() 位置 d:\工作台\efwplus_taobao\pluginTrunk\WinMainUIFrame\WinMainUIFrame\WebController\LoadingMenuController.cs:行号 123



Category: FileLog

Priority: 0

EventId: 100

Severity: Error

Title:Enterprise Library Exception Handling

Machine: HY-PC

App Domain: 9198a704-1-130796321691988835

ProcessId: 2360

Process Name: D:\工作台\efwplus_taobao\efwplus开发平台\PluginManageTool\NetWebServer.exe

Thread Name: 

Win32 ThreadId:5176

Extended Properties: 
----------------------------------------
----------------------------------------
Timestamp: 2015-06-24 15:09:59

Message: HandlingInstanceID: 1035c23c-a3d4-4146-934b-1c272d53d9f2
An exception of type 'System.Reflection.TargetInvocationException' occurred and was caught.
-------------------------------------------------------------------------------------------
06/24/2015 23:09:59
Type : System.Reflection.TargetInvocationException, mscorlib, Version=4.0.0.0, Culture=neutral, PublicKeyToken=b77a5c561934e089
Message : 调用的目标发生了异常。
Source : mscorlib
Help link : 
Data : System.Collections.ListDictionaryInternal
TargetSite : System.Object InvokeMethod(System.Object, System.Object[], System.Signature, Boolean)
HResult : -2146232828
Stack Trace :    在 System.RuntimeMethodHandle.InvokeMethod(Object target, Object[] arguments, Signature sig, Boolean constructor)
   在 System.Reflection.RuntimeMethodInfo.UnsafeInvokeInternal(Object obj, Object[] parameters, Object[] arguments)
   在 System.Reflection.RuntimeMethodInfo.Invoke(Object obj, BindingFlags invokeAttr, Binder binder, Object[] parameters, CultureInfo culture)
   在 System.Reflection.MethodBase.Invoke(Object obj, Object[] parameters)
   在 EFWCoreLib.WebFrame.HttpHandler.HttpHandlerInvoker.CmdInvoke(HttpContext context)
   在 EFWCoreLib.WebFrame.HttpHandler.APIHttpHandler.ProcessRequest(HttpContext context)

Additional Info:

MachineName : HY-PC
TimeStamp : 2015-06-24 15:09:59
FullName : Microsoft.Practices.EnterpriseLibrary.ExceptionHandling, Version=5.0.414.0, Culture=neutral, PublicKeyToken=31bf3856ad364e35
AppDomainName : 9198a704-1-130796321691988835
ThreadIdentity : 
WindowsIdentity : HY-PC\Administrator
	Inner Exception
	---------------
	Type : System.NullReferenceException, mscorlib, Version=4.0.0.0, Culture=neutral, PublicKeyToken=b77a5c561934e089
	Message : 未将对象引用设置到对象的实例。
	Source : WebUIFrame
	Help link : 
	Data : System.Collections.ListDictionaryInternal
	TargetSite : Boolean <GetLoginFirstMenu_Debug>b__15(WinMainUIFrame.Entity.BaseMenu)
	HResult : -2147467261
	Stack Trace :    在 WebUIFrame.WebController.LoadingMenuController.<>c__DisplayClass21.<GetLoginFirstMenu_Debug>b__15(BaseMenu x) 位置 d:\工作台\efwplus_taobao\pluginTrunk\WinMainUIFrame\WinMainUIFrame\WebController\LoadingMenuController.cs:行号 123
	   在 System.Collections.Generic.List`1.FindIndex(Int32 startIndex, Int32 count, Predicate`1 match)
	   在 WebUIFrame.WebController.LoadingMenuController.GetLoginFirstMenu_Debug() 位置 d:\工作台\efwplus_taobao\pluginTrunk\WinMainUIFrame\WinMainUIFrame\WebController\LoadingMenuController.cs:行号 123



Category: FileLog

Priority: 0

EventId: 100

Severity: Error

Title:Enterprise Library Exception Handling

Machine: HY-PC

App Domain: 9198a704-1-130796321691988835

ProcessId: 2360

Process Name: D:\工作台\efwplus_taobao\efwplus开发平台\PluginManageTool\NetWebServer.exe

Thread Name: 

Win32 ThreadId:8228

Extended Properties: 
----------------------------------------
----------------------------------------
Timestamp: 2015-06-24 15:10:21

Message: HandlingInstanceID: 9c692668-951d-4e67-a08e-ed719954e553
An exception of type 'System.Reflection.TargetInvocationException' occurred and was caught.
-------------------------------------------------------------------------------------------
06/24/2015 23:10:21
Type : System.Reflection.TargetInvocationException, mscorlib, Version=4.0.0.0, Culture=neutral, PublicKeyToken=b77a5c561934e089
Message : 调用的目标发生了异常。
Source : mscorlib
Help link : 
Data : System.Collections.ListDictionaryInternal
TargetSite : System.Object InvokeMethod(System.Object, System.Object[], System.Signature, Boolean)
HResult : -2146232828
Stack Trace :    在 System.RuntimeMethodHandle.InvokeMethod(Object target, Object[] arguments, Signature sig, Boolean constructor)
   在 System.Reflection.RuntimeMethodInfo.UnsafeInvokeInternal(Object obj, Object[] parameters, Object[] arguments)
   在 System.Reflection.RuntimeMethodInfo.Invoke(Object obj, BindingFlags invokeAttr, Binder binder, Object[] parameters, CultureInfo culture)
   在 System.Reflection.MethodBase.Invoke(Object obj, Object[] parameters)
   在 EFWCoreLib.WebFrame.HttpHandler.HttpHandlerInvoker.CmdInvoke(HttpContext context)
   在 EFWCoreLib.WebFrame.HttpHandler.APIHttpHandler.ProcessRequest(HttpContext context)

Additional Info:

MachineName : HY-PC
TimeStamp : 2015-06-24 15:10:21
FullName : Microsoft.Practices.EnterpriseLibrary.ExceptionHandling, Version=5.0.414.0, Culture=neutral, PublicKeyToken=31bf3856ad364e35
AppDomainName : 9198a704-1-130796321691988835
ThreadIdentity : 
WindowsIdentity : HY-PC\Administrator
	Inner Exception
	---------------
	Type : System.NullReferenceException, mscorlib, Version=4.0.0.0, Culture=neutral, PublicKeyToken=b77a5c561934e089
	Message : 未将对象引用设置到对象的实例。
	Source : WebUIFrame
	Help link : 
	Data : System.Collections.ListDictionaryInternal
	TargetSite : Boolean <GetLoginFirstMenu_Debug>b__15(WinMainUIFrame.Entity.BaseMenu)
	HResult : -2147467261
	Stack Trace :    在 WebUIFrame.WebController.LoadingMenuController.<>c__DisplayClass21.<GetLoginFirstMenu_Debug>b__15(BaseMenu x) 位置 d:\工作台\efwplus_taobao\pluginTrunk\WinMainUIFrame\WinMainUIFrame\WebController\LoadingMenuController.cs:行号 123
	   在 System.Collections.Generic.List`1.FindIndex(Int32 startIndex, Int32 count, Predicate`1 match)
	   在 WebUIFrame.WebController.LoadingMenuController.GetLoginFirstMenu_Debug() 位置 d:\工作台\efwplus_taobao\pluginTrunk\WinMainUIFrame\WinMainUIFrame\WebController\LoadingMenuController.cs:行号 123



Category: FileLog

Priority: 0

EventId: 100

Severity: Error

Title:Enterprise Library Exception Handling

Machine: HY-PC

App Domain: 9198a704-1-130796321691988835

ProcessId: 2360

Process Name: D:\工作台\efwplus_taobao\efwplus开发平台\PluginManageTool\NetWebServer.exe

Thread Name: 

Win32 ThreadId:1532

Extended Properties: 
----------------------------------------
----------------------------------------
Timestamp: 2015-06-24 15:10:26

Message: HandlingInstanceID: 7e2e965d-eff6-4b04-b30e-03e3bfaef927
An exception of type 'System.Reflection.TargetInvocationException' occurred and was caught.
-------------------------------------------------------------------------------------------
06/24/2015 23:10:26
Type : System.Reflection.TargetInvocationException, mscorlib, Version=4.0.0.0, Culture=neutral, PublicKeyToken=b77a5c561934e089
Message : 调用的目标发生了异常。
Source : mscorlib
Help link : 
Data : System.Collections.ListDictionaryInternal
TargetSite : System.Object InvokeMethod(System.Object, System.Object[], System.Signature, Boolean)
HResult : -2146232828
Stack Trace :    在 System.RuntimeMethodHandle.InvokeMethod(Object target, Object[] arguments, Signature sig, Boolean constructor)
   在 System.Reflection.RuntimeMethodInfo.UnsafeInvokeInternal(Object obj, Object[] parameters, Object[] arguments)
   在 System.Reflection.RuntimeMethodInfo.Invoke(Object obj, BindingFlags invokeAttr, Binder binder, Object[] parameters, CultureInfo culture)
   在 System.Reflection.MethodBase.Invoke(Object obj, Object[] parameters)
   在 EFWCoreLib.WebFrame.HttpHandler.HttpHandlerInvoker.CmdInvoke(HttpContext context)
   在 EFWCoreLib.WebFrame.HttpHandler.APIHttpHandler.ProcessRequest(HttpContext context)

Additional Info:

MachineName : HY-PC
TimeStamp : 2015-06-24 15:10:26
FullName : Microsoft.Practices.EnterpriseLibrary.ExceptionHandling, Version=5.0.414.0, Culture=neutral, PublicKeyToken=31bf3856ad364e35
AppDomainName : 9198a704-1-130796321691988835
ThreadIdentity : 
WindowsIdentity : HY-PC\Administrator
	Inner Exception
	---------------
	Type : System.NullReferenceException, mscorlib, Version=4.0.0.0, Culture=neutral, PublicKeyToken=b77a5c561934e089
	Message : 未将对象引用设置到对象的实例。
	Source : WebUIFrame
	Help link : 
	Data : System.Collections.ListDictionaryInternal
	TargetSite : Boolean <GetLoginFirstMenu_Debug>b__15(WinMainUIFrame.Entity.BaseMenu)
	HResult : -2147467261
	Stack Trace :    在 WebUIFrame.WebController.LoadingMenuController.<>c__DisplayClass21.<GetLoginFirstMenu_Debug>b__15(BaseMenu x) 位置 d:\工作台\efwplus_taobao\pluginTrunk\WinMainUIFrame\WinMainUIFrame\WebController\LoadingMenuController.cs:行号 123
	   在 System.Collections.Generic.List`1.FindIndex(Int32 startIndex, Int32 count, Predicate`1 match)
	   在 WebUIFrame.WebController.LoadingMenuController.GetLoginFirstMenu_Debug() 位置 d:\工作台\efwplus_taobao\pluginTrunk\WinMainUIFrame\WinMainUIFrame\WebController\LoadingMenuController.cs:行号 123



Category: FileLog

Priority: 0

EventId: 100

Severity: Error

Title:Enterprise Library Exception Handling

Machine: HY-PC

App Domain: 9198a704-1-130796321691988835

ProcessId: 2360

Process Name: D:\工作台\efwplus_taobao\efwplus开发平台\PluginManageTool\NetWebServer.exe

Thread Name: 

Win32 ThreadId:6940

Extended Properties: 
----------------------------------------
----------------------------------------
Timestamp: 2015-06-24 15:10:51

Message: HandlingInstanceID: 787c10e1-0890-44ca-8d08-d79be655ce8d
An exception of type 'System.Reflection.TargetInvocationException' occurred and was caught.
-------------------------------------------------------------------------------------------
06/24/2015 23:10:51
Type : System.Reflection.TargetInvocationException, mscorlib, Version=4.0.0.0, Culture=neutral, PublicKeyToken=b77a5c561934e089
Message : 调用的目标发生了异常。
Source : mscorlib
Help link : 
Data : System.Collections.ListDictionaryInternal
TargetSite : System.Object InvokeMethod(System.Object, System.Object[], System.Signature, Boolean)
HResult : -2146232828
Stack Trace :    在 System.RuntimeMethodHandle.InvokeMethod(Object target, Object[] arguments, Signature sig, Boolean constructor)
   在 System.Reflection.RuntimeMethodInfo.UnsafeInvokeInternal(Object obj, Object[] parameters, Object[] arguments)
   在 System.Reflection.RuntimeMethodInfo.Invoke(Object obj, BindingFlags invokeAttr, Binder binder, Object[] parameters, CultureInfo culture)
   在 System.Reflection.MethodBase.Invoke(Object obj, Object[] parameters)
   在 EFWCoreLib.WebFrame.HttpHandler.HttpHandlerInvoker.CmdInvoke(HttpContext context)
   在 EFWCoreLib.WebFrame.HttpHandler.APIHttpHandler.ProcessRequest(HttpContext context)

Additional Info:

MachineName : HY-PC
TimeStamp : 2015-06-24 15:10:51
FullName : Microsoft.Practices.EnterpriseLibrary.ExceptionHandling, Version=5.0.414.0, Culture=neutral, PublicKeyToken=31bf3856ad364e35
AppDomainName : 9198a704-1-130796321691988835
ThreadIdentity : 
WindowsIdentity : HY-PC\Administrator
	Inner Exception
	---------------
	Type : System.NullReferenceException, mscorlib, Version=4.0.0.0, Culture=neutral, PublicKeyToken=b77a5c561934e089
	Message : 未将对象引用设置到对象的实例。
	Source : WebUIFrame
	Help link : 
	Data : System.Collections.ListDictionaryInternal
	TargetSite : Boolean <GetLoginFirstMenu_Debug>b__15(WinMainUIFrame.Entity.BaseMenu)
	HResult : -2147467261
	Stack Trace :    在 WebUIFrame.WebController.LoadingMenuController.<>c__DisplayClass21.<GetLoginFirstMenu_Debug>b__15(BaseMenu x) 位置 d:\工作台\efwplus_taobao\pluginTrunk\WinMainUIFrame\WinMainUIFrame\WebController\LoadingMenuController.cs:行号 123
	   在 System.Collections.Generic.List`1.FindIndex(Int32 startIndex, Int32 count, Predicate`1 match)
	   在 WebUIFrame.WebController.LoadingMenuController.GetLoginFirstMenu_Debug() 位置 d:\工作台\efwplus_taobao\pluginTrunk\WinMainUIFrame\WinMainUIFrame\WebController\LoadingMenuController.cs:行号 123



Category: FileLog

Priority: 0

EventId: 100

Severity: Error

Title:Enterprise Library Exception Handling

Machine: HY-PC

App Domain: 9198a704-1-130796321691988835

ProcessId: 2360

Process Name: D:\工作台\efwplus_taobao\efwplus开发平台\PluginManageTool\NetWebServer.exe

Thread Name: 

Win32 ThreadId:6940

Extended Properties: 
----------------------------------------
----------------------------------------
Timestamp: 2015-06-24 15:15:36

Message: HandlingInstanceID: 2f08c58e-155e-405c-9129-fdea6ac0dfcf
An exception of type 'System.Reflection.TargetInvocationException' occurred and was caught.
-------------------------------------------------------------------------------------------
06/24/2015 23:15:36
Type : System.Reflection.TargetInvocationException, mscorlib, Version=4.0.0.0, Culture=neutral, PublicKeyToken=b77a5c561934e089
Message : 调用的目标发生了异常。
Source : mscorlib
Help link : 
Data : System.Collections.ListDictionaryInternal
TargetSite : System.Object InvokeMethod(System.Object, System.Object[], System.Signature, Boolean)
HResult : -2146232828
Stack Trace :    在 System.RuntimeMethodHandle.InvokeMethod(Object target, Object[] arguments, Signature sig, Boolean constructor)
   在 System.Reflection.RuntimeMethodInfo.UnsafeInvokeInternal(Object obj, Object[] parameters, Object[] arguments)
   在 System.Reflection.RuntimeMethodInfo.Invoke(Object obj, BindingFlags invokeAttr, Binder binder, Object[] parameters, CultureInfo culture)
   在 System.Reflection.MethodBase.Invoke(Object obj, Object[] parameters)
   在 EFWCoreLib.WebFrame.HttpHandler.HttpHandlerInvoker.CmdInvoke(HttpContext context)
   在 EFWCoreLib.WebFrame.HttpHandler.APIHttpHandler.ProcessRequest(HttpContext context)

Additional Info:

MachineName : HY-PC
TimeStamp : 2015-06-24 15:15:36
FullName : Microsoft.Practices.EnterpriseLibrary.ExceptionHandling, Version=5.0.414.0, Culture=neutral, PublicKeyToken=31bf3856ad364e35
AppDomainName : a98d7ec2-1-130796323508082709
ThreadIdentity : HY-PC\Administrator
WindowsIdentity : HY-PC\Administrator
	Inner Exception
	---------------
	Type : System.NullReferenceException, mscorlib, Version=4.0.0.0, Culture=neutral, PublicKeyToken=b77a5c561934e089
	Message : 未将对象引用设置到对象的实例。
	Source : WebUIFrame
	Help link : 
	Data : System.Collections.ListDictionaryInternal
	TargetSite : Boolean <GetLoginFirstMenu_Debug>b__15(WinMainUIFrame.Entity.BaseMenu)
	HResult : -2147467261
	Stack Trace :    在 WebUIFrame.WebController.LoadingMenuController.<>c__DisplayClass21.<GetLoginFirstMenu_Debug>b__15(BaseMenu x) 位置 d:\工作台\efwplus_taobao\pluginTrunk\WinMainUIFrame\WinMainUIFrame\WebController\LoadingMenuController.cs:行号 123
	   在 System.Collections.Generic.List`1.FindIndex(Int32 startIndex, Int32 count, Predicate`1 match)
	   在 System.Collections.Generic.List`1.FindIndex(Predicate`1 match)
	   在 WebUIFrame.WebController.LoadingMenuController.GetLoginFirstMenu_Debug() 位置 d:\工作台\efwplus_taobao\pluginTrunk\WinMainUIFrame\WinMainUIFrame\WebController\LoadingMenuController.cs:行号 123



Category: FileLog

Priority: 0

EventId: 100

Severity: Error

Title:Enterprise Library Exception Handling

Machine: HY-PC

App Domain: a98d7ec2-1-130796323508082709

ProcessId: 3740

Process Name: C:\Program Files (x86)\Common Files\Microsoft Shared\DevServer\11.0\WebDev.WebServer40.exe

Thread Name: 

Win32 ThreadId:8020

Extended Properties: 
----------------------------------------
----------------------------------------
Timestamp: 2015-07-25 05:17:16

Message: HandlingInstanceID: a69af403-422c-4b6b-baac-319c309a6a5a
An exception of type 'System.Reflection.TargetInvocationException' occurred and was caught.
-------------------------------------------------------------------------------------------
07/25/2015 13:17:16
Type : System.Reflection.TargetInvocationException, mscorlib, Version=4.0.0.0, Culture=neutral, PublicKeyToken=b77a5c561934e089
Message : 调用的目标发生了异常。
Source : mscorlib
Help link : 
Data : System.Collections.ListDictionaryInternal
TargetSite : System.Object InvokeMethod(System.Object, System.Object[], System.Signature, Boolean)
HResult : -2146232828
Stack Trace :    在 System.RuntimeMethodHandle.InvokeMethod(Object target, Object[] arguments, Signature sig, Boolean constructor)
   在 System.Reflection.RuntimeMethodInfo.UnsafeInvokeInternal(Object obj, Object[] parameters, Object[] arguments)
   在 System.Reflection.RuntimeMethodInfo.Invoke(Object obj, BindingFlags invokeAttr, Binder binder, Object[] parameters, CultureInfo culture)
   在 System.Reflection.MethodBase.Invoke(Object obj, Object[] parameters)
   在 EFWCoreLib.WebFrame.HttpHandler.HttpHandlerInvoker.CmdInvoke(HttpContext context)
   在 EFWCoreLib.WebFrame.HttpHandler.APIHttpHandler.ProcessRequest(HttpContext context)

Additional Info:

MachineName : HY-PC
TimeStamp : 2015-07-25 05:17:16
FullName : Microsoft.Practices.EnterpriseLibrary.ExceptionHandling, Version=5.0.414.0, Culture=neutral, PublicKeyToken=31bf3856ad364e35
AppDomainName : a98d7ec2-1-130822748737678155
ThreadIdentity : HY-PC\Administrator
WindowsIdentity : HY-PC\Administrator
	Inner Exception
	---------------
	Type : NVelocity.Exception.VelocityException, NVelocity, Version=1.0.0.0, Culture=neutral, PublicKeyToken=null
	Message : Parser Error: plugindetail.htm
	Source : NVelocity
	Help link : 
	Data : System.Collections.ListDictionaryInternal
	TargetSite : NVelocity.Runtime.Resource.Resource GetResource(System.String, Int32, System.String)
	HResult : -2146233088
	Stack Trace :    在 NVelocity.Runtime.Resource.ResourceManagerImpl.GetResource(String resourceName, Int32 resourceType, String encoding)
	   在 NVelocity.Runtime.RuntimeInstance.GetTemplate(String name, String encoding)
	   在 NVelocity.Runtime.RuntimeInstance.GetTemplate(String name)
	   在 NVelocity.App.VelocityEngine.GetTemplate(String name)
	   在 EFWCoreLib.CoreFrame.Common.TemplateHelper.BuildString(String templateFile)
	   在 EFWCoreLib.WebFrame.TemplateHandler.TemplateController.ToView(String viewfile)
	   在 efwplus_website.WebController.PluginController.PluginDetail() 位置 d:\工作台\efwplus_taobao\pluginTrunk\efwplus_website\efwplus_website\WebController\PluginController.cs:行号 109

		Inner Exception
		---------------
		Type : System.Collections.Generic.KeyNotFoundException, mscorlib, Version=4.0.0.0, Culture=neutral, PublicKeyToken=b77a5c561934e089
		Message : 给定关键字不在字典中。
		Source : NVelocity
		Help link : 
		Data : System.Collections.ListDictionaryInternal
		TargetSite : NVelocity.Runtime.Parser.Node.SimpleNode Process()
		HResult : -2146232969
		Stack Trace :    在 NVelocity.Runtime.Parser.Parser.Process()
		   在 NVelocity.Runtime.Parser.Parser.Parse(TextReader reader, String templateName)



Category: FileLog

Priority: 0

EventId: 100

Severity: Error

Title:Enterprise Library Exception Handling

Machine: HY-PC

App Domain: a98d7ec2-1-130822748737678155

ProcessId: 23368

Process Name: C:\Program Files (x86)\Common Files\Microsoft Shared\DevServer\11.0\WebDev.WebServer40.exe

Thread Name: 

Win32 ThreadId:24144

Extended Properties: 
----------------------------------------
----------------------------------------
Timestamp: 2015-08-06 10:22:18

Message: HandlingInstanceID: 1a4cc3ec-4342-4700-90c3-ff629461a788
An exception of type 'System.Exception' occurred and was caught.
----------------------------------------------------------------
08/06/2015 18:22:18
Type : System.Exception, mscorlib, Version=4.0.0.0, Culture=neutral, PublicKeyToken=b77a5c561934e089
Message : 控制器名称错误!
Source : EFWCoreLib
Help link : 
Data : System.Collections.ListDictionaryInternal
TargetSite : EFWCoreLib.WebFrame.HttpHandler.Controller.WebHttpController CreateController(System.String)
HResult : -2146233088
Stack Trace :    在 EFWCoreLib.WebFrame.HttpHandler.Controller.ControllerHelper.CreateController(String controllername)
   在 EFWCoreLib.WebFrame.HttpHandler.HttpHandlerInvoker.CmdInvoke(HttpContext context)
   在 EFWCoreLib.WebFrame.HttpHandler.APIHttpHandler.ProcessRequest(HttpContext context)

Additional Info:

MachineName : HY-PC
TimeStamp : 2015-08-06 10:22:18
FullName : Microsoft.Practices.EnterpriseLibrary.ExceptionHandling, Version=5.0.414.0, Culture=neutral, PublicKeyToken=31bf3856ad364e35
AppDomainName : a98d7ec2-1-130833296521526800
ThreadIdentity : HY-PC\Administrator
WindowsIdentity : HY-PC\Administrator


Category: FileLog

Priority: 0

EventId: 100

Severity: Error

Title:Enterprise Library Exception Handling

Machine: HY-PC

App Domain: a98d7ec2-1-130833296521526800

ProcessId: 9492

Process Name: C:\Program Files (x86)\Common Files\Microsoft Shared\DevServer\11.0\WebDev.WebServer40.exe

Thread Name: 

Win32 ThreadId:4512

Extended Properties: 
----------------------------------------
----------------------------------------
Timestamp: 2015-08-11 13:13:05

Message: HandlingInstanceID: e76e3f96-8a87-4232-afa1-1d23a52c0b22
An exception of type 'System.Reflection.TargetInvocationException' occurred and was caught.
-------------------------------------------------------------------------------------------
08/11/2015 21:13:05
Type : System.Reflection.TargetInvocationException, mscorlib, Version=4.0.0.0, Culture=neutral, PublicKeyToken=b77a5c561934e089
Message : 调用的目标发生了异常。
Source : mscorlib
Help link : 
Data : System.Collections.ListDictionaryInternal
TargetSite : System.Object InvokeMethod(System.Object, System.Object[], System.Signature, Boolean)
HResult : -2146232828
Stack Trace :    在 System.RuntimeMethodHandle.InvokeMethod(Object target, Object[] arguments, Signature sig, Boolean constructor)
   在 System.Reflection.RuntimeMethodInfo.UnsafeInvokeInternal(Object obj, Object[] parameters, Object[] arguments)
   在 System.Reflection.RuntimeMethodInfo.Invoke(Object obj, BindingFlags invokeAttr, Binder binder, Object[] parameters, CultureInfo culture)
   在 System.Reflection.MethodBase.Invoke(Object obj, Object[] parameters)
   在 EFWCoreLib.WebFrame.HttpHandler.HttpHandlerInvoker.CmdInvoke(HttpContext context) 位置 d:\工作台\efwplus_taobao\efwplusTrunk\efwplus\EFWCoreLib\WebFrame\HttpHandler\HttpHandlerInvoker.cs:行号 46
   在 EFWCoreLib.WebFrame.HttpHandler.APIHttpHandler.ProcessRequest(HttpContext context) 位置 d:\工作台\efwplus_taobao\efwplusTrunk\efwplus\EFWCoreLib\WebFrame\HttpHandler\APIHttpHandler.cs:行号 46

Additional Info:

MachineName : HY-PC
TimeStamp : 2015-08-11 13:13:05
FullName : Microsoft.Practices.EnterpriseLibrary.ExceptionHandling, Version=5.0.414.0, Culture=neutral, PublicKeyToken=31bf3856ad364e35
AppDomainName : a98d7ec2-1-130837722141720084
ThreadIdentity : HY-PC\Administrator
WindowsIdentity : HY-PC\Administrator
	Inner Exception
	---------------
	Type : System.NullReferenceException, mscorlib, Version=4.0.0.0, Culture=neutral, PublicKeyToken=b77a5c561934e089
	Message : 未将对象引用设置到对象的实例。
	Source : WebUIFrame
	Help link : 
	Data : System.Collections.ListDictionaryInternal
	TargetSite : Boolean <getmenusJson>b__2(WinMainUIFrame.Entity.BaseMenu)
	HResult : -2147467261
	Stack Trace :    在 WebUIFrame.WebController.LoadingMenuController.<>c__DisplayClasse.<getmenusJson>b__2(BaseMenu x) 位置 d:\工作台\efwplus_taobao\pluginTrunk\WinMainUIFrame\WinMainUIFrame\WebController\LoadingMenuController.cs:行号 51
	   在 System.Collections.Generic.List`1.FindIndex(Int32 startIndex, Int32 count, Predicate`1 match)
	   在 System.Collections.Generic.List`1.FindIndex(Predicate`1 match)
	   在 WebUIFrame.WebController.LoadingMenuController.getmenusJson(Int32 ModuleId) 位置 d:\工作台\efwplus_taobao\pluginTrunk\WinMainUIFrame\WinMainUIFrame\WebController\LoadingMenuController.cs:行号 51
	   在 WebUIFrame.WebController.LoadingMenuController.GetLoginAllMenu() 位置 d:\工作台\efwplus_taobao\pluginTrunk\WinMainUIFrame\WinMainUIFrame\WebController\LoadingMenuController.cs:行号 31



Category: FileLog

Priority: 0

EventId: 100

Severity: Error

Title:Enterprise Library Exception Handling

Machine: HY-PC

App Domain: a98d7ec2-1-130837722141720084

ProcessId: 8164

Process Name: C:\Program Files (x86)\Common Files\Microsoft Shared\DevServer\11.0\WebDev.WebServer40.exe

Thread Name: 

Win32 ThreadId:6764

Extended Properties: 
----------------------------------------
----------------------------------------
Timestamp: 2015-08-11 13:13:55

Message: HandlingInstanceID: a09daaa2-088c-42f5-b351-7c6fb3795377
An exception of type 'System.Reflection.TargetInvocationException' occurred and was caught.
-------------------------------------------------------------------------------------------
08/11/2015 21:13:55
Type : System.Reflection.TargetInvocationException, mscorlib, Version=4.0.0.0, Culture=neutral, PublicKeyToken=b77a5c561934e089
Message : 调用的目标发生了异常。
Source : mscorlib
Help link : 
Data : System.Collections.ListDictionaryInternal
TargetSite : System.Object InvokeMethod(System.Object, System.Object[], System.Signature, Boolean)
HResult : -2146232828
Stack Trace :    在 System.RuntimeMethodHandle.InvokeMethod(Object target, Object[] arguments, Signature sig, Boolean constructor)
   在 System.Reflection.RuntimeMethodInfo.UnsafeInvokeInternal(Object obj, Object[] parameters, Object[] arguments)
   在 System.Reflection.RuntimeMethodInfo.Invoke(Object obj, BindingFlags invokeAttr, Binder binder, Object[] parameters, CultureInfo culture)
   在 System.Reflection.MethodBase.Invoke(Object obj, Object[] parameters)
   在 EFWCoreLib.WebFrame.HttpHandler.HttpHandlerInvoker.CmdInvoke(HttpContext context) 位置 d:\工作台\efwplus_taobao\efwplusTrunk\efwplus\EFWCoreLib\WebFrame\HttpHandler\HttpHandlerInvoker.cs:行号 46
   在 EFWCoreLib.WebFrame.HttpHandler.APIHttpHandler.ProcessRequest(HttpContext context) 位置 d:\工作台\efwplus_taobao\efwplusTrunk\efwplus\EFWCoreLib\WebFrame\HttpHandler\APIHttpHandler.cs:行号 46

Additional Info:

MachineName : HY-PC
TimeStamp : 2015-08-11 13:13:55
FullName : Microsoft.Practices.EnterpriseLibrary.ExceptionHandling, Version=5.0.414.0, Culture=neutral, PublicKeyToken=31bf3856ad364e35
AppDomainName : a98d7ec2-1-130837722141720084
ThreadIdentity : HY-PC\Administrator
WindowsIdentity : HY-PC\Administrator
	Inner Exception
	---------------
	Type : System.NullReferenceException, mscorlib, Version=4.0.0.0, Culture=neutral, PublicKeyToken=b77a5c561934e089
	Message : 未将对象引用设置到对象的实例。
	Source : WebUIFrame
	Help link : 
	Data : System.Collections.ListDictionaryInternal
	TargetSite : Boolean <getmenusJson>b__2(WinMainUIFrame.Entity.BaseMenu)
	HResult : -2147467261
	Stack Trace :    在 WebUIFrame.WebController.LoadingMenuController.<>c__DisplayClasse.<getmenusJson>b__2(BaseMenu x) 位置 d:\工作台\efwplus_taobao\pluginTrunk\WinMainUIFrame\WinMainUIFrame\WebController\LoadingMenuController.cs:行号 51
	   在 System.Collections.Generic.List`1.FindIndex(Int32 startIndex, Int32 count, Predicate`1 match)
	   在 System.Collections.Generic.List`1.FindIndex(Predicate`1 match)
	   在 WebUIFrame.WebController.LoadingMenuController.getmenusJson(Int32 ModuleId) 位置 d:\工作台\efwplus_taobao\pluginTrunk\WinMainUIFrame\WinMainUIFrame\WebController\LoadingMenuController.cs:行号 51
	   在 WebUIFrame.WebController.LoadingMenuController.GetLoginAllMenu() 位置 d:\工作台\efwplus_taobao\pluginTrunk\WinMainUIFrame\WinMainUIFrame\WebController\LoadingMenuController.cs:行号 31



Category: FileLog

Priority: 0

EventId: 100

Severity: Error

Title:Enterprise Library Exception Handling

Machine: HY-PC

App Domain: a98d7ec2-1-130837722141720084

ProcessId: 8164

Process Name: C:\Program Files (x86)\Common Files\Microsoft Shared\DevServer\11.0\WebDev.WebServer40.exe

Thread Name: 

Win32 ThreadId:8184

Extended Properties: 
----------------------------------------
----------------------------------------
Timestamp: 2015-10-19 13:39:44

Message: HandlingInstanceID: bb9ada23-07a6-45a6-99d8-80f29810f19e
An exception of type 'System.Exception' occurred and was caught.
----------------------------------------------------------------
10/19/2015 21:39:44
Type : System.Exception, mscorlib, Version=4.0.0.0, Culture=neutral, PublicKeyToken=b77a5c561934e089
Message : 控制器名称错误!
Source : EFWCoreLib
Help link : 
Data : System.Collections.ListDictionaryInternal
TargetSite : EFWCoreLib.WebFrame.HttpHandler.Controller.WebHttpController CreateController(System.String)
HResult : -2146233088
Stack Trace :    在 EFWCoreLib.WebFrame.HttpHandler.Controller.ControllerHelper.CreateController(String controllername) 位置 d:\工作台\efwplus_taobao\KKKProject\efwplus_webframe\EFWCoreLib\WebFrame\HttpHandler\Controller\ControllerHelper.cs:行号 18
   在 EFWCoreLib.WebFrame.HttpHandler.HttpHandlerInvoker.CmdInvoke(HttpContext context) 位置 d:\工作台\efwplus_taobao\KKKProject\efwplus_webframe\EFWCoreLib\WebFrame\HttpHandler\HttpHandlerInvoker.cs:行号 42
   在 EFWCoreLib.WebFrame.HttpHandler.APIHttpHandler.ProcessRequest(HttpContext context) 位置 d:\工作台\efwplus_taobao\KKKProject\efwplus_webframe\EFWCoreLib\WebFrame\HttpHandler\APIHttpHandler.cs:行号 46

Additional Info:

MachineName : HY-PC
TimeStamp : 2015-10-19 13:39:44
FullName : Microsoft.Practices.EnterpriseLibrary.ExceptionHandling, Version=5.0.414.0, Culture=neutral, PublicKeyToken=31bf3856ad364e35
AppDomainName : cd80f2a0-1-130897354101673753
ThreadIdentity : HY-PC\Administrator
WindowsIdentity : HY-PC\Administrator


Category: FileLog

Priority: 0

EventId: 100

Severity: Error

Title:Enterprise Library Exception Handling

Machine: HY-PC

App Domain: cd80f2a0-1-130897354101673753

ProcessId: 7208

Process Name: C:\Program Files (x86)\Common Files\Microsoft Shared\DevServer\11.0\WebDev.WebServer40.exe

Thread Name: 

Win32 ThreadId:6396

Extended Properties: 
----------------------------------------
----------------------------------------
Timestamp: 2015-10-19 13:39:45

Message: HandlingInstanceID: ce4ecbc0-bae1-4d02-bd06-8f63677e20e7
An exception of type 'System.Exception' occurred and was caught.
----------------------------------------------------------------
10/19/2015 21:39:45
Type : System.Exception, mscorlib, Version=4.0.0.0, Culture=neutral, PublicKeyToken=b77a5c561934e089
Message : 控制器名称错误!
Source : EFWCoreLib
Help link : 
Data : System.Collections.ListDictionaryInternal
TargetSite : EFWCoreLib.WebFrame.HttpHandler.Controller.WebHttpController CreateController(System.String)
HResult : -2146233088
Stack Trace :    在 EFWCoreLib.WebFrame.HttpHandler.Controller.ControllerHelper.CreateController(String controllername) 位置 d:\工作台\efwplus_taobao\KKKProject\efwplus_webframe\EFWCoreLib\WebFrame\HttpHandler\Controller\ControllerHelper.cs:行号 18
   在 EFWCoreLib.WebFrame.HttpHandler.HttpHandlerInvoker.CmdInvoke(HttpContext context) 位置 d:\工作台\efwplus_taobao\KKKProject\efwplus_webframe\EFWCoreLib\WebFrame\HttpHandler\HttpHandlerInvoker.cs:行号 42
   在 EFWCoreLib.WebFrame.HttpHandler.APIHttpHandler.ProcessRequest(HttpContext context) 位置 d:\工作台\efwplus_taobao\KKKProject\efwplus_webframe\EFWCoreLib\WebFrame\HttpHandler\APIHttpHandler.cs:行号 46

Additional Info:

MachineName : HY-PC
TimeStamp : 2015-10-19 13:39:45
FullName : Microsoft.Practices.EnterpriseLibrary.ExceptionHandling, Version=5.0.414.0, Culture=neutral, PublicKeyToken=31bf3856ad364e35
AppDomainName : cd80f2a0-1-130897354101673753
ThreadIdentity : HY-PC\Administrator
WindowsIdentity : HY-PC\Administrator


Category: FileLog

Priority: 0

EventId: 100

Severity: Error

Title:Enterprise Library Exception Handling

Machine: HY-PC

App Domain: cd80f2a0-1-130897354101673753

ProcessId: 7208

Process Name: C:\Program Files (x86)\Common Files\Microsoft Shared\DevServer\11.0\WebDev.WebServer40.exe

Thread Name: 

Win32 ThreadId:4672

Extended Properties: 
----------------------------------------
----------------------------------------
Timestamp: 2015/12/31 7:30:01

Message: HandlingInstanceID: f0450b39-543d-4dc4-89ff-4c1da28565bb
An exception of type 'System.Reflection.TargetInvocationException' occurred and was caught.
-------------------------------------------------------------------------------------------
12/31/2015 15:30:01
Type : System.Reflection.TargetInvocationException, mscorlib, Version=4.0.0.0, Culture=neutral, PublicKeyToken=b77a5c561934e089
Message : 调用的目标发生了异常。
Source : mscorlib
Help link : 
Data : System.Collections.ListDictionaryInternal
TargetSite : System.Object InvokeMethod(System.Object, System.Object[], System.Signature, Boolean)
HResult : -2146232828
Stack Trace :    在 System.RuntimeMethodHandle.InvokeMethod(Object target, Object[] arguments, Signature sig, Boolean constructor)
   在 System.Reflection.RuntimeMethodInfo.UnsafeInvokeInternal(Object obj, Object[] parameters, Object[] arguments)
   在 System.Reflection.RuntimeMethodInfo.Invoke(Object obj, BindingFlags invokeAttr, Binder binder, Object[] parameters, CultureInfo culture)
   在 System.Reflection.MethodBase.Invoke(Object obj, Object[] parameters)
   在 EFWCoreLib.WebFrame.HttpHandler.HttpHandlerInvoker.CmdInvoke(HttpContext context) 位置 f:\efwplus_webframe\EFWCoreLib\WebFrame\HttpHandler\HttpHandlerInvoker.cs:行号 46
   在 EFWCoreLib.WebFrame.HttpHandler.APIHttpHandler.ProcessRequest(HttpContext context) 位置 f:\efwplus_webframe\EFWCoreLib\WebFrame\HttpHandler\APIHttpHandler.cs:行号 47

Additional Info:

MachineName : UALG394S3SBEXSU
TimeStamp : 2015/12/31 7:30:01
FullName : Microsoft.Practices.EnterpriseLibrary.ExceptionHandling, Version=5.0.414.0, Culture=neutral, PublicKeyToken=31bf3856ad364e35
AppDomainName : b623abb1-1-130960201722638360
ThreadIdentity : UALG394S3SBEXSU\Administrator
WindowsIdentity : UALG394S3SBEXSU\Administrator
	Inner Exception
	---------------
	Type : System.Exception, mscorlib, Version=4.0.0.0, Culture=neutral, PublicKeyToken=b77a5c561934e089
	Message : '' is not exist.
	Source : IotPlatform
	Help link : 
	Data : System.Collections.ListDictionaryInternal
	TargetSite : System.Collections.Queue GetCmdQueue_CMD(System.String, System.String)
	HResult : -2146233088
	Stack Trace :    在 IotPlatform.WebController.RaspberryPiController.GetCmdQueue_CMD(String authkey, String dkey) 位置 f:\efwplus_webframe\物联网平台\IotPlatform\WebController\RaspberryPiController.cs:行号 76
	   在 IotPlatform.WebController.RaspberryPiController.SetRaspberryPiData() 位置 f:\efwplus_webframe\物联网平台\IotPlatform\WebController\RaspberryPiController.cs:行号 142



Category: FileLog

Priority: 0

EventId: 100

Severity: Error

Title:Enterprise Library Exception Handling

Machine: UALG394S3SBEXSU

App Domain: b623abb1-1-130960201722638360

ProcessId: 7912

Process Name: C:\Program Files (x86)\Common Files\Microsoft Shared\DevServer\11.0\WebDev.WebServer40.exe

Thread Name: 

Win32 ThreadId:8100

Extended Properties: 
----------------------------------------
----------------------------------------
Timestamp: 2015/12/31 7:30:06

Message: HandlingInstanceID: f69f23db-9607-492b-bbf3-05a0b555e17f
An exception of type 'System.Reflection.TargetInvocationException' occurred and was caught.
-------------------------------------------------------------------------------------------
12/31/2015 15:30:06
Type : System.Reflection.TargetInvocationException, mscorlib, Version=4.0.0.0, Culture=neutral, PublicKeyToken=b77a5c561934e089
Message : 调用的目标发生了异常。
Source : mscorlib
Help link : 
Data : System.Collections.ListDictionaryInternal
TargetSite : System.Object InvokeMethod(System.Object, System.Object[], System.Signature, Boolean)
HResult : -2146232828
Stack Trace :    在 System.RuntimeMethodHandle.InvokeMethod(Object target, Object[] arguments, Signature sig, Boolean constructor)
   在 System.Reflection.RuntimeMethodInfo.UnsafeInvokeInternal(Object obj, Object[] parameters, Object[] arguments)
   在 System.Reflection.RuntimeMethodInfo.Invoke(Object obj, BindingFlags invokeAttr, Binder binder, Object[] parameters, CultureInfo culture)
   在 System.Reflection.MethodBase.Invoke(Object obj, Object[] parameters)
   在 EFWCoreLib.WebFrame.HttpHandler.HttpHandlerInvoker.CmdInvoke(HttpContext context) 位置 f:\efwplus_webframe\EFWCoreLib\WebFrame\HttpHandler\HttpHandlerInvoker.cs:行号 46
   在 EFWCoreLib.WebFrame.HttpHandler.APIHttpHandler.ProcessRequest(HttpContext context) 位置 f:\efwplus_webframe\EFWCoreLib\WebFrame\HttpHandler\APIHttpHandler.cs:行号 47

Additional Info:

MachineName : UALG394S3SBEXSU
TimeStamp : 2015/12/31 7:30:06
FullName : Microsoft.Practices.EnterpriseLibrary.ExceptionHandling, Version=5.0.414.0, Culture=neutral, PublicKeyToken=31bf3856ad364e35
AppDomainName : b623abb1-1-130960201722638360
ThreadIdentity : UALG394S3SBEXSU\Administrator
WindowsIdentity : UALG394S3SBEXSU\Administrator
	Inner Exception
	---------------
	Type : System.Exception, mscorlib, Version=4.0.0.0, Culture=neutral, PublicKeyToken=b77a5c561934e089
	Message : '' is not exist.
	Source : IotPlatform
	Help link : 
	Data : System.Collections.ListDictionaryInternal
	TargetSite : System.Collections.Queue GetCmdQueue_CMD(System.String, System.String)
	HResult : -2146233088
	Stack Trace :    在 IotPlatform.WebController.RaspberryPiController.GetCmdQueue_CMD(String authkey, String dkey) 位置 f:\efwplus_webframe\物联网平台\IotPlatform\WebController\RaspberryPiController.cs:行号 76
	   在 IotPlatform.WebController.RaspberryPiController.SetRaspberryPiData() 位置 f:\efwplus_webframe\物联网平台\IotPlatform\WebController\RaspberryPiController.cs:行号 142



Category: FileLog

Priority: 0

EventId: 100

Severity: Error

Title:Enterprise Library Exception Handling

Machine: UALG394S3SBEXSU

App Domain: b623abb1-1-130960201722638360

ProcessId: 7912

Process Name: C:\Program Files (x86)\Common Files\Microsoft Shared\DevServer\11.0\WebDev.WebServer40.exe

Thread Name: 

Win32 ThreadId:8028

Extended Properties: 
----------------------------------------
----------------------------------------
Timestamp: 2015/12/31 7:30:16

Message: HandlingInstanceID: 423e54e1-3387-4c0a-b98b-93d398d3e2d3
An exception of type 'System.Reflection.TargetInvocationException' occurred and was caught.
-------------------------------------------------------------------------------------------
12/31/2015 15:30:16
Type : System.Reflection.TargetInvocationException, mscorlib, Version=4.0.0.0, Culture=neutral, PublicKeyToken=b77a5c561934e089
Message : 调用的目标发生了异常。
Source : mscorlib
Help link : 
Data : System.Collections.ListDictionaryInternal
TargetSite : System.Object InvokeMethod(System.Object, System.Object[], System.Signature, Boolean)
HResult : -2146232828
Stack Trace :    在 System.RuntimeMethodHandle.InvokeMethod(Object target, Object[] arguments, Signature sig, Boolean constructor)
   在 System.Reflection.RuntimeMethodInfo.UnsafeInvokeInternal(Object obj, Object[] parameters, Object[] arguments)
   在 System.Reflection.RuntimeMethodInfo.Invoke(Object obj, BindingFlags invokeAttr, Binder binder, Object[] parameters, CultureInfo culture)
   在 System.Reflection.MethodBase.Invoke(Object obj, Object[] parameters)
   在 EFWCoreLib.WebFrame.HttpHandler.HttpHandlerInvoker.CmdInvoke(HttpContext context) 位置 f:\efwplus_webframe\EFWCoreLib\WebFrame\HttpHandler\HttpHandlerInvoker.cs:行号 46
   在 EFWCoreLib.WebFrame.HttpHandler.APIHttpHandler.ProcessRequest(HttpContext context) 位置 f:\efwplus_webframe\EFWCoreLib\WebFrame\HttpHandler\APIHttpHandler.cs:行号 47

Additional Info:

MachineName : UALG394S3SBEXSU
TimeStamp : 2015/12/31 7:30:16
FullName : Microsoft.Practices.EnterpriseLibrary.ExceptionHandling, Version=5.0.414.0, Culture=neutral, PublicKeyToken=31bf3856ad364e35
AppDomainName : b623abb1-1-130960201722638360
ThreadIdentity : UALG394S3SBEXSU\Administrator
WindowsIdentity : UALG394S3SBEXSU\Administrator
	Inner Exception
	---------------
	Type : System.Exception, mscorlib, Version=4.0.0.0, Culture=neutral, PublicKeyToken=b77a5c561934e089
	Message : '' is not exist.
	Source : IotPlatform
	Help link : 
	Data : System.Collections.ListDictionaryInternal
	TargetSite : System.Collections.Queue GetCmdQueue_CMD(System.String, System.String)
	HResult : -2146233088
	Stack Trace :    在 IotPlatform.WebController.RaspberryPiController.GetCmdQueue_CMD(String authkey, String dkey) 位置 f:\efwplus_webframe\物联网平台\IotPlatform\WebController\RaspberryPiController.cs:行号 76
	   在 IotPlatform.WebController.RaspberryPiController.SetRaspberryPiData() 位置 f:\efwplus_webframe\物联网平台\IotPlatform\WebController\RaspberryPiController.cs:行号 142



Category: FileLog

Priority: 0

EventId: 100

Severity: Error

Title:Enterprise Library Exception Handling

Machine: UALG394S3SBEXSU

App Domain: b623abb1-1-130960201722638360

ProcessId: 7912

Process Name: C:\Program Files (x86)\Common Files\Microsoft Shared\DevServer\11.0\WebDev.WebServer40.exe

Thread Name: 

Win32 ThreadId:8028

Extended Properties: 
----------------------------------------
----------------------------------------
Timestamp: 2015/12/31 7:32:36

Message: HandlingInstanceID: d91f4e4b-3acb-499e-a9ae-92b94f302220
An exception of type 'System.Reflection.TargetInvocationException' occurred and was caught.
-------------------------------------------------------------------------------------------
12/31/2015 15:32:36
Type : System.Reflection.TargetInvocationException, mscorlib, Version=4.0.0.0, Culture=neutral, PublicKeyToken=b77a5c561934e089
Message : 调用的目标发生了异常。
Source : mscorlib
Help link : 
Data : System.Collections.ListDictionaryInternal
TargetSite : System.Object InvokeMethod(System.Object, System.Object[], System.Signature, Boolean)
HResult : -2146232828
Stack Trace :    在 System.RuntimeMethodHandle.InvokeMethod(Object target, Object[] arguments, Signature sig, Boolean constructor)
   在 System.Reflection.RuntimeMethodInfo.UnsafeInvokeInternal(Object obj, Object[] parameters, Object[] arguments)
   在 System.Reflection.RuntimeMethodInfo.Invoke(Object obj, BindingFlags invokeAttr, Binder binder, Object[] parameters, CultureInfo culture)
   在 System.Reflection.MethodBase.Invoke(Object obj, Object[] parameters)
   在 EFWCoreLib.WebFrame.HttpHandler.HttpHandlerInvoker.CmdInvoke(HttpContext context) 位置 f:\efwplus_webframe\EFWCoreLib\WebFrame\HttpHandler\HttpHandlerInvoker.cs:行号 46
   在 EFWCoreLib.WebFrame.HttpHandler.APIHttpHandler.ProcessRequest(HttpContext context) 位置 f:\efwplus_webframe\EFWCoreLib\WebFrame\HttpHandler\APIHttpHandler.cs:行号 47

Additional Info:

MachineName : UALG394S3SBEXSU
TimeStamp : 2015/12/31 7:32:36
FullName : Microsoft.Practices.EnterpriseLibrary.ExceptionHandling, Version=5.0.414.0, Culture=neutral, PublicKeyToken=31bf3856ad364e35
AppDomainName : b623abb1-1-130960201722638360
ThreadIdentity : UALG394S3SBEXSU\Administrator
WindowsIdentity : UALG394S3SBEXSU\Administrator
	Inner Exception
	---------------
	Type : System.Exception, mscorlib, Version=4.0.0.0, Culture=neutral, PublicKeyToken=b77a5c561934e089
	Message : '' is not exist.
	Source : IotPlatform
	Help link : 
	Data : System.Collections.ListDictionaryInternal
	TargetSite : System.Collections.Queue GetCmdQueue_CMD(System.String, System.String)
	HResult : -2146233088
	Stack Trace :    在 IotPlatform.WebController.RaspberryPiController.GetCmdQueue_CMD(String authkey, String dkey) 位置 f:\efwplus_webframe\物联网平台\IotPlatform\WebController\RaspberryPiController.cs:行号 76
	   在 IotPlatform.WebController.RaspberryPiController.SetRaspberryPiData() 位置 f:\efwplus_webframe\物联网平台\IotPlatform\WebController\RaspberryPiController.cs:行号 142



Category: FileLog

Priority: 0

EventId: 100

Severity: Error

Title:Enterprise Library Exception Handling

Machine: UALG394S3SBEXSU

App Domain: b623abb1-1-130960201722638360

ProcessId: 7912

Process Name: C:\Program Files (x86)\Common Files\Microsoft Shared\DevServer\11.0\WebDev.WebServer40.exe

Thread Name: 

Win32 ThreadId:4700

Extended Properties: 
----------------------------------------
----------------------------------------
Timestamp: 2015/12/31 7:43:20

Message: HandlingInstanceID: 60aa99f9-dad3-47d9-8a3e-99b2e97b4649
An exception of type 'System.Reflection.TargetInvocationException' occurred and was caught.
-------------------------------------------------------------------------------------------
12/31/2015 15:43:20
Type : System.Reflection.TargetInvocationException, mscorlib, Version=4.0.0.0, Culture=neutral, PublicKeyToken=b77a5c561934e089
Message : 调用的目标发生了异常。
Source : mscorlib
Help link : 
Data : System.Collections.ListDictionaryInternal
TargetSite : System.Object InvokeMethod(System.Object, System.Object[], System.Signature, Boolean)
HResult : -2146232828
Stack Trace :    在 System.RuntimeMethodHandle.InvokeMethod(Object target, Object[] arguments, Signature sig, Boolean constructor)
   在 System.Reflection.RuntimeMethodInfo.UnsafeInvokeInternal(Object obj, Object[] parameters, Object[] arguments)
   在 System.Reflection.RuntimeMethodInfo.Invoke(Object obj, BindingFlags invokeAttr, Binder binder, Object[] parameters, CultureInfo culture)
   在 System.Reflection.MethodBase.Invoke(Object obj, Object[] parameters)
   在 EFWCoreLib.WebFrame.HttpHandler.HttpHandlerInvoker.CmdInvoke(HttpContext context) 位置 f:\efwplus_webframe\EFWCoreLib\WebFrame\HttpHandler\HttpHandlerInvoker.cs:行号 46
   在 EFWCoreLib.WebFrame.HttpHandler.APIHttpHandler.ProcessRequest(HttpContext context) 位置 f:\efwplus_webframe\EFWCoreLib\WebFrame\HttpHandler\APIHttpHandler.cs:行号 47

Additional Info:

MachineName : UALG394S3SBEXSU
TimeStamp : 2015/12/31 7:43:20
FullName : Microsoft.Practices.EnterpriseLibrary.ExceptionHandling, Version=5.0.414.0, Culture=neutral, PublicKeyToken=31bf3856ad364e35
AppDomainName : b623abb1-1-130960208191688368
ThreadIdentity : UALG394S3SBEXSU\Administrator
WindowsIdentity : UALG394S3SBEXSU\Administrator
	Inner Exception
	---------------
	Type : System.Exception, mscorlib, Version=4.0.0.0, Culture=neutral, PublicKeyToken=b77a5c561934e089
	Message : '' is not exist.
	Source : IotPlatform
	Help link : 
	Data : System.Collections.ListDictionaryInternal
	TargetSite : System.Collections.Queue GetCmdQueue_CMD(System.String, System.String)
	HResult : -2146233088
	Stack Trace :    在 IotPlatform.WebController.RaspberryPiController.GetCmdQueue_CMD(String authkey, String dkey) 位置 f:\efwplus_webframe\物联网平台\IotPlatform\WebController\RaspberryPiController.cs:行号 76
	   在 IotPlatform.WebController.RaspberryPiController.GetRaspberryPiData() 位置 f:\efwplus_webframe\物联网平台\IotPlatform\WebController\RaspberryPiController.cs:行号 153



Category: FileLog

Priority: 0

EventId: 100

Severity: Error

Title:Enterprise Library Exception Handling

Machine: UALG394S3SBEXSU

App Domain: b623abb1-1-130960208191688368

ProcessId: 7956

Process Name: C:\Program Files (x86)\Common Files\Microsoft Shared\DevServer\11.0\WebDev.WebServer40.exe

Thread Name: 

Win32 ThreadId:860

Extended Properties: 
----------------------------------------
----------------------------------------
Timestamp: 2015/12/31 7:43:25

Message: HandlingInstanceID: d901e562-2245-4e9e-a23c-2cd63f72fbda
An exception of type 'System.Reflection.TargetInvocationException' occurred and was caught.
-------------------------------------------------------------------------------------------
12/31/2015 15:43:25
Type : System.Reflection.TargetInvocationException, mscorlib, Version=4.0.0.0, Culture=neutral, PublicKeyToken=b77a5c561934e089
Message : 调用的目标发生了异常。
Source : mscorlib
Help link : 
Data : System.Collections.ListDictionaryInternal
TargetSite : System.Object InvokeMethod(System.Object, System.Object[], System.Signature, Boolean)
HResult : -2146232828
Stack Trace :    在 System.RuntimeMethodHandle.InvokeMethod(Object target, Object[] arguments, Signature sig, Boolean constructor)
   在 System.Reflection.RuntimeMethodInfo.UnsafeInvokeInternal(Object obj, Object[] parameters, Object[] arguments)
   在 System.Reflection.RuntimeMethodInfo.Invoke(Object obj, BindingFlags invokeAttr, Binder binder, Object[] parameters, CultureInfo culture)
   在 System.Reflection.MethodBase.Invoke(Object obj, Object[] parameters)
   在 EFWCoreLib.WebFrame.HttpHandler.HttpHandlerInvoker.CmdInvoke(HttpContext context) 位置 f:\efwplus_webframe\EFWCoreLib\WebFrame\HttpHandler\HttpHandlerInvoker.cs:行号 46
   在 EFWCoreLib.WebFrame.HttpHandler.APIHttpHandler.ProcessRequest(HttpContext context) 位置 f:\efwplus_webframe\EFWCoreLib\WebFrame\HttpHandler\APIHttpHandler.cs:行号 47

Additional Info:

MachineName : UALG394S3SBEXSU
TimeStamp : 2015/12/31 7:43:25
FullName : Microsoft.Practices.EnterpriseLibrary.ExceptionHandling, Version=5.0.414.0, Culture=neutral, PublicKeyToken=31bf3856ad364e35
AppDomainName : b623abb1-1-130960208191688368
ThreadIdentity : UALG394S3SBEXSU\Administrator
WindowsIdentity : UALG394S3SBEXSU\Administrator
	Inner Exception
	---------------
	Type : System.Exception, mscorlib, Version=4.0.0.0, Culture=neutral, PublicKeyToken=b77a5c561934e089
	Message : '' is not exist.
	Source : IotPlatform
	Help link : 
	Data : System.Collections.ListDictionaryInternal
	TargetSite : System.Collections.Queue GetCmdQueue_CMD(System.String, System.String)
	HResult : -2146233088
	Stack Trace :    在 IotPlatform.WebController.RaspberryPiController.GetCmdQueue_CMD(String authkey, String dkey) 位置 f:\efwplus_webframe\物联网平台\IotPlatform\WebController\RaspberryPiController.cs:行号 76
	   在 IotPlatform.WebController.RaspberryPiController.GetRaspberryPiData() 位置 f:\efwplus_webframe\物联网平台\IotPlatform\WebController\RaspberryPiController.cs:行号 153



Category: FileLog

Priority: 0

EventId: 100

Severity: Error

Title:Enterprise Library Exception Handling

Machine: UALG394S3SBEXSU

App Domain: b623abb1-1-130960208191688368

ProcessId: 7956

Process Name: C:\Program Files (x86)\Common Files\Microsoft Shared\DevServer\11.0\WebDev.WebServer40.exe

Thread Name: 

Win32 ThreadId:4472

Extended Properties: 
----------------------------------------
----------------------------------------
Timestamp: 2015/12/31 7:43:39

Message: HandlingInstanceID: 8d8949e4-d4d5-40ca-ac9d-8346139462a4
An exception of type 'System.Reflection.TargetInvocationException' occurred and was caught.
-------------------------------------------------------------------------------------------
12/31/2015 15:43:39
Type : System.Reflection.TargetInvocationException, mscorlib, Version=4.0.0.0, Culture=neutral, PublicKeyToken=b77a5c561934e089
Message : 调用的目标发生了异常。
Source : mscorlib
Help link : 
Data : System.Collections.ListDictionaryInternal
TargetSite : System.Object InvokeMethod(System.Object, System.Object[], System.Signature, Boolean)
HResult : -2146232828
Stack Trace :    在 System.RuntimeMethodHandle.InvokeMethod(Object target, Object[] arguments, Signature sig, Boolean constructor)
   在 System.Reflection.RuntimeMethodInfo.UnsafeInvokeInternal(Object obj, Object[] parameters, Object[] arguments)
   在 System.Reflection.RuntimeMethodInfo.Invoke(Object obj, BindingFlags invokeAttr, Binder binder, Object[] parameters, CultureInfo culture)
   在 System.Reflection.MethodBase.Invoke(Object obj, Object[] parameters)
   在 EFWCoreLib.WebFrame.HttpHandler.HttpHandlerInvoker.CmdInvoke(HttpContext context) 位置 f:\efwplus_webframe\EFWCoreLib\WebFrame\HttpHandler\HttpHandlerInvoker.cs:行号 46
   在 EFWCoreLib.WebFrame.HttpHandler.APIHttpHandler.ProcessRequest(HttpContext context) 位置 f:\efwplus_webframe\EFWCoreLib\WebFrame\HttpHandler\APIHttpHandler.cs:行号 47

Additional Info:

MachineName : UALG394S3SBEXSU
TimeStamp : 2015/12/31 7:43:39
FullName : Microsoft.Practices.EnterpriseLibrary.ExceptionHandling, Version=5.0.414.0, Culture=neutral, PublicKeyToken=31bf3856ad364e35
AppDomainName : b623abb1-1-130960208191688368
ThreadIdentity : UALG394S3SBEXSU\Administrator
WindowsIdentity : UALG394S3SBEXSU\Administrator
	Inner Exception
	---------------
	Type : System.Exception, mscorlib, Version=4.0.0.0, Culture=neutral, PublicKeyToken=b77a5c561934e089
	Message : '' is not exist.
	Source : IotPlatform
	Help link : 
	Data : System.Collections.ListDictionaryInternal
	TargetSite : System.Collections.Queue GetCmdQueue_CMD(System.String, System.String)
	HResult : -2146233088
	Stack Trace :    在 IotPlatform.WebController.RaspberryPiController.GetCmdQueue_CMD(String authkey, String dkey) 位置 f:\efwplus_webframe\物联网平台\IotPlatform\WebController\RaspberryPiController.cs:行号 76
	   在 IotPlatform.WebController.RaspberryPiController.GetRaspberryPiData() 位置 f:\efwplus_webframe\物联网平台\IotPlatform\WebController\RaspberryPiController.cs:行号 153



Category: FileLog

Priority: 0

EventId: 100

Severity: Error

Title:Enterprise Library Exception Handling

Machine: UALG394S3SBEXSU

App Domain: b623abb1-1-130960208191688368

ProcessId: 7956

Process Name: C:\Program Files (x86)\Common Files\Microsoft Shared\DevServer\11.0\WebDev.WebServer40.exe

Thread Name: 

Win32 ThreadId:6776

Extended Properties: 
----------------------------------------
----------------------------------------
Timestamp: 2015/12/31 7:48:22

Message: HandlingInstanceID: 784217ee-1d42-4660-b779-3383df99cada
An exception of type 'System.Reflection.TargetInvocationException' occurred and was caught.
-------------------------------------------------------------------------------------------
12/31/2015 15:48:22
Type : System.Reflection.TargetInvocationException, mscorlib, Version=4.0.0.0, Culture=neutral, PublicKeyToken=b77a5c561934e089
Message : 调用的目标发生了异常。
Source : mscorlib
Help link : 
Data : System.Collections.ListDictionaryInternal
TargetSite : System.Object InvokeMethod(System.Object, System.Object[], System.Signature, Boolean)
HResult : -2146232828
Stack Trace :    在 System.RuntimeMethodHandle.InvokeMethod(Object target, Object[] arguments, Signature sig, Boolean constructor)
   在 System.Reflection.RuntimeMethodInfo.UnsafeInvokeInternal(Object obj, Object[] parameters, Object[] arguments)
   在 System.Reflection.RuntimeMethodInfo.Invoke(Object obj, BindingFlags invokeAttr, Binder binder, Object[] parameters, CultureInfo culture)
   在 System.Reflection.MethodBase.Invoke(Object obj, Object[] parameters)
   在 EFWCoreLib.WebFrame.HttpHandler.HttpHandlerInvoker.CmdInvoke(HttpContext context) 位置 f:\efwplus_webframe\EFWCoreLib\WebFrame\HttpHandler\HttpHandlerInvoker.cs:行号 46
   在 EFWCoreLib.WebFrame.HttpHandler.APIHttpHandler.ProcessRequest(HttpContext context) 位置 f:\efwplus_webframe\EFWCoreLib\WebFrame\HttpHandler\APIHttpHandler.cs:行号 47

Additional Info:

MachineName : UALG394S3SBEXSU
TimeStamp : 2015/12/31 7:48:22
FullName : Microsoft.Practices.EnterpriseLibrary.ExceptionHandling, Version=5.0.414.0, Culture=neutral, PublicKeyToken=31bf3856ad364e35
AppDomainName : b623abb1-1-130960208191688368
ThreadIdentity : UALG394S3SBEXSU\Administrator
WindowsIdentity : UALG394S3SBEXSU\Administrator
	Inner Exception
	---------------
	Type : System.Exception, mscorlib, Version=4.0.0.0, Culture=neutral, PublicKeyToken=b77a5c561934e089
	Message : '' is not exist.
	Source : IotPlatform
	Help link : 
	Data : System.Collections.ListDictionaryInternal
	TargetSite : System.Collections.Queue GetCmdQueue_CMD(System.String, System.String)
	HResult : -2146233088
	Stack Trace :    在 IotPlatform.WebController.RaspberryPiController.GetCmdQueue_CMD(String authkey, String dkey) 位置 f:\efwplus_webframe\物联网平台\IotPlatform\WebController\RaspberryPiController.cs:行号 76
	   在 IotPlatform.WebController.RaspberryPiController.GetRaspberryPiData() 位置 f:\efwplus_webframe\物联网平台\IotPlatform\WebController\RaspberryPiController.cs:行号 153



Category: FileLog

Priority: 0

EventId: 100

Severity: Error

Title:Enterprise Library Exception Handling

Machine: UALG394S3SBEXSU

App Domain: b623abb1-1-130960208191688368

ProcessId: 7956

Process Name: C:\Program Files (x86)\Common Files\Microsoft Shared\DevServer\11.0\WebDev.WebServer40.exe

Thread Name: 

Win32 ThreadId:1368

Extended Properties: 
----------------------------------------
----------------------------------------
Timestamp: 2015/12/31 7:49:04

Message: HandlingInstanceID: eb498aad-bdd5-4e57-9791-918082181da2
An exception of type 'System.Reflection.TargetInvocationException' occurred and was caught.
-------------------------------------------------------------------------------------------
12/31/2015 15:49:04
Type : System.Reflection.TargetInvocationException, mscorlib, Version=4.0.0.0, Culture=neutral, PublicKeyToken=b77a5c561934e089
Message : 调用的目标发生了异常。
Source : mscorlib
Help link : 
Data : System.Collections.ListDictionaryInternal
TargetSite : System.Object InvokeMethod(System.Object, System.Object[], System.Signature, Boolean)
HResult : -2146232828
Stack Trace :    在 System.RuntimeMethodHandle.InvokeMethod(Object target, Object[] arguments, Signature sig, Boolean constructor)
   在 System.Reflection.RuntimeMethodInfo.UnsafeInvokeInternal(Object obj, Object[] parameters, Object[] arguments)
   在 System.Reflection.RuntimeMethodInfo.Invoke(Object obj, BindingFlags invokeAttr, Binder binder, Object[] parameters, CultureInfo culture)
   在 System.Reflection.MethodBase.Invoke(Object obj, Object[] parameters)
   在 EFWCoreLib.WebFrame.HttpHandler.HttpHandlerInvoker.CmdInvoke(HttpContext context) 位置 f:\efwplus_webframe\EFWCoreLib\WebFrame\HttpHandler\HttpHandlerInvoker.cs:行号 46
   在 EFWCoreLib.WebFrame.HttpHandler.APIHttpHandler.ProcessRequest(HttpContext context) 位置 f:\efwplus_webframe\EFWCoreLib\WebFrame\HttpHandler\APIHttpHandler.cs:行号 47

Additional Info:

MachineName : UALG394S3SBEXSU
TimeStamp : 2015/12/31 7:49:04
FullName : Microsoft.Practices.EnterpriseLibrary.ExceptionHandling, Version=5.0.414.0, Culture=neutral, PublicKeyToken=31bf3856ad364e35
AppDomainName : b623abb1-1-130960208191688368
ThreadIdentity : UALG394S3SBEXSU\Administrator
WindowsIdentity : UALG394S3SBEXSU\Administrator
	Inner Exception
	---------------
	Type : System.Exception, mscorlib, Version=4.0.0.0, Culture=neutral, PublicKeyToken=b77a5c561934e089
	Message : '' is not exist.
	Source : IotPlatform
	Help link : 
	Data : System.Collections.ListDictionaryInternal
	TargetSite : System.Collections.Queue GetCmdQueue_CMD(System.String, System.String)
	HResult : -2146233088
	Stack Trace :    在 IotPlatform.WebController.RaspberryPiController.GetCmdQueue_CMD(String authkey, String dkey) 位置 f:\efwplus_webframe\物联网平台\IotPlatform\WebController\RaspberryPiController.cs:行号 76
	   在 IotPlatform.WebController.RaspberryPiController.GetRaspberryPiData() 位置 f:\efwplus_webframe\物联网平台\IotPlatform\WebController\RaspberryPiController.cs:行号 153



Category: FileLog

Priority: 0

EventId: 100

Severity: Error

Title:Enterprise Library Exception Handling

Machine: UALG394S3SBEXSU

App Domain: b623abb1-1-130960208191688368

ProcessId: 7956

Process Name: C:\Program Files (x86)\Common Files\Microsoft Shared\DevServer\11.0\WebDev.WebServer40.exe

Thread Name: 

Win32 ThreadId:7436

Extended Properties: 
----------------------------------------
----------------------------------------
Timestamp: 2015/12/31 7:49:40

Message: HandlingInstanceID: e073fc7d-5dfa-4ffe-911f-e10c89635a1d
An exception of type 'System.Reflection.TargetInvocationException' occurred and was caught.
-------------------------------------------------------------------------------------------
12/31/2015 15:49:40
Type : System.Reflection.TargetInvocationException, mscorlib, Version=4.0.0.0, Culture=neutral, PublicKeyToken=b77a5c561934e089
Message : 调用的目标发生了异常。
Source : mscorlib
Help link : 
Data : System.Collections.ListDictionaryInternal
TargetSite : System.Object InvokeMethod(System.Object, System.Object[], System.Signature, Boolean)
HResult : -2146232828
Stack Trace :    在 System.RuntimeMethodHandle.InvokeMethod(Object target, Object[] arguments, Signature sig, Boolean constructor)
   在 System.Reflection.RuntimeMethodInfo.UnsafeInvokeInternal(Object obj, Object[] parameters, Object[] arguments)
   在 System.Reflection.RuntimeMethodInfo.Invoke(Object obj, BindingFlags invokeAttr, Binder binder, Object[] parameters, CultureInfo culture)
   在 System.Reflection.MethodBase.Invoke(Object obj, Object[] parameters)
   在 EFWCoreLib.WebFrame.HttpHandler.HttpHandlerInvoker.CmdInvoke(HttpContext context) 位置 f:\efwplus_webframe\EFWCoreLib\WebFrame\HttpHandler\HttpHandlerInvoker.cs:行号 46
   在 EFWCoreLib.WebFrame.HttpHandler.APIHttpHandler.ProcessRequest(HttpContext context) 位置 f:\efwplus_webframe\EFWCoreLib\WebFrame\HttpHandler\APIHttpHandler.cs:行号 47

Additional Info:

MachineName : UALG394S3SBEXSU
TimeStamp : 2015/12/31 7:49:40
FullName : Microsoft.Practices.EnterpriseLibrary.ExceptionHandling, Version=5.0.414.0, Culture=neutral, PublicKeyToken=31bf3856ad364e35
AppDomainName : b623abb1-1-130960208191688368
ThreadIdentity : UALG394S3SBEXSU\Administrator
WindowsIdentity : UALG394S3SBEXSU\Administrator
	Inner Exception
	---------------
	Type : System.Exception, mscorlib, Version=4.0.0.0, Culture=neutral, PublicKeyToken=b77a5c561934e089
	Message : '' is not exist.
	Source : IotPlatform
	Help link : 
	Data : System.Collections.ListDictionaryInternal
	TargetSite : System.Collections.Queue GetCmdQueue_CMD(System.String, System.String)
	HResult : -2146233088
	Stack Trace :    在 IotPlatform.WebController.RaspberryPiController.GetCmdQueue_CMD(String authkey, String dkey) 位置 f:\efwplus_webframe\物联网平台\IotPlatform\WebController\RaspberryPiController.cs:行号 76
	   在 IotPlatform.WebController.RaspberryPiController.GetRaspberryPiData() 位置 f:\efwplus_webframe\物联网平台\IotPlatform\WebController\RaspberryPiController.cs:行号 153



Category: FileLog

Priority: 0

EventId: 100

Severity: Error

Title:Enterprise Library Exception Handling

Machine: UALG394S3SBEXSU

App Domain: b623abb1-1-130960208191688368

ProcessId: 7956

Process Name: C:\Program Files (x86)\Common Files\Microsoft Shared\DevServer\11.0\WebDev.WebServer40.exe

Thread Name: 

Win32 ThreadId:5176

Extended Properties: 
----------------------------------------
----------------------------------------
Timestamp: 2015/12/31 7:51:04

Message: HandlingInstanceID: 8d2d8bee-14b6-409f-a7ca-69758d45ce79
An exception of type 'System.Reflection.TargetInvocationException' occurred and was caught.
-------------------------------------------------------------------------------------------
12/31/2015 15:51:04
Type : System.Reflection.TargetInvocationException, mscorlib, Version=4.0.0.0, Culture=neutral, PublicKeyToken=b77a5c561934e089
Message : 调用的目标发生了异常。
Source : mscorlib
Help link : 
Data : System.Collections.ListDictionaryInternal
TargetSite : System.Object InvokeMethod(System.Object, System.Object[], System.Signature, Boolean)
HResult : -2146232828
Stack Trace :    在 System.RuntimeMethodHandle.InvokeMethod(Object target, Object[] arguments, Signature sig, Boolean constructor)
   在 System.Reflection.RuntimeMethodInfo.UnsafeInvokeInternal(Object obj, Object[] parameters, Object[] arguments)
   在 System.Reflection.RuntimeMethodInfo.Invoke(Object obj, BindingFlags invokeAttr, Binder binder, Object[] parameters, CultureInfo culture)
   在 System.Reflection.MethodBase.Invoke(Object obj, Object[] parameters)
   在 EFWCoreLib.WebFrame.HttpHandler.HttpHandlerInvoker.CmdInvoke(HttpContext context) 位置 f:\efwplus_webframe\EFWCoreLib\WebFrame\HttpHandler\HttpHandlerInvoker.cs:行号 46
   在 EFWCoreLib.WebFrame.HttpHandler.APIHttpHandler.ProcessRequest(HttpContext context) 位置 f:\efwplus_webframe\EFWCoreLib\WebFrame\HttpHandler\APIHttpHandler.cs:行号 47

Additional Info:

MachineName : UALG394S3SBEXSU
TimeStamp : 2015/12/31 7:51:04
FullName : Microsoft.Practices.EnterpriseLibrary.ExceptionHandling, Version=5.0.414.0, Culture=neutral, PublicKeyToken=31bf3856ad364e35
AppDomainName : b623abb1-1-130960208191688368
ThreadIdentity : UALG394S3SBEXSU\Administrator
WindowsIdentity : UALG394S3SBEXSU\Administrator
	Inner Exception
	---------------
	Type : System.Exception, mscorlib, Version=4.0.0.0, Culture=neutral, PublicKeyToken=b77a5c561934e089
	Message : '' is not exist.
	Source : IotPlatform
	Help link : 
	Data : System.Collections.ListDictionaryInternal
	TargetSite : System.Collections.Queue GetCmdQueue_CMD(System.String, System.String)
	HResult : -2146233088
	Stack Trace :    在 IotPlatform.WebController.RaspberryPiController.GetCmdQueue_CMD(String authkey, String dkey) 位置 f:\efwplus_webframe\物联网平台\IotPlatform\WebController\RaspberryPiController.cs:行号 76
	   在 IotPlatform.WebController.RaspberryPiController.GetRaspberryPiData() 位置 f:\efwplus_webframe\物联网平台\IotPlatform\WebController\RaspberryPiController.cs:行号 153



Category: FileLog

Priority: 0

EventId: 100

Severity: Error

Title:Enterprise Library Exception Handling

Machine: UALG394S3SBEXSU

App Domain: b623abb1-1-130960208191688368

ProcessId: 7956

Process Name: C:\Program Files (x86)\Common Files\Microsoft Shared\DevServer\11.0\WebDev.WebServer40.exe

Thread Name: 

Win32 ThreadId:3084

Extended Properties: 
----------------------------------------
----------------------------------------
Timestamp: 2015/12/31 7:54:01

Message: HandlingInstanceID: 76086e75-a146-412a-bdb0-6c8eaad1f8bd
An exception of type 'System.Reflection.TargetInvocationException' occurred and was caught.
-------------------------------------------------------------------------------------------
12/31/2015 15:54:01
Type : System.Reflection.TargetInvocationException, mscorlib, Version=4.0.0.0, Culture=neutral, PublicKeyToken=b77a5c561934e089
Message : 调用的目标发生了异常。
Source : mscorlib
Help link : 
Data : System.Collections.ListDictionaryInternal
TargetSite : System.Object InvokeMethod(System.Object, System.Object[], System.Signature, Boolean)
HResult : -2146232828
Stack Trace :    在 System.RuntimeMethodHandle.InvokeMethod(Object target, Object[] arguments, Signature sig, Boolean constructor)
   在 System.Reflection.RuntimeMethodInfo.UnsafeInvokeInternal(Object obj, Object[] parameters, Object[] arguments)
   在 System.Reflection.RuntimeMethodInfo.Invoke(Object obj, BindingFlags invokeAttr, Binder binder, Object[] parameters, CultureInfo culture)
   在 System.Reflection.MethodBase.Invoke(Object obj, Object[] parameters)
   在 EFWCoreLib.WebFrame.HttpHandler.HttpHandlerInvoker.CmdInvoke(HttpContext context) 位置 f:\efwplus_webframe\EFWCoreLib\WebFrame\HttpHandler\HttpHandlerInvoker.cs:行号 46
   在 EFWCoreLib.WebFrame.HttpHandler.APIHttpHandler.ProcessRequest(HttpContext context) 位置 f:\efwplus_webframe\EFWCoreLib\WebFrame\HttpHandler\APIHttpHandler.cs:行号 47

Additional Info:

MachineName : UALG394S3SBEXSU
TimeStamp : 2015/12/31 7:54:01
FullName : Microsoft.Practices.EnterpriseLibrary.ExceptionHandling, Version=5.0.414.0, Culture=neutral, PublicKeyToken=31bf3856ad364e35
AppDomainName : b623abb1-1-130960208191688368
ThreadIdentity : UALG394S3SBEXSU\Administrator
WindowsIdentity : UALG394S3SBEXSU\Administrator
	Inner Exception
	---------------
	Type : System.Exception, mscorlib, Version=4.0.0.0, Culture=neutral, PublicKeyToken=b77a5c561934e089
	Message : '' is not exist.
	Source : IotPlatform
	Help link : 
	Data : System.Collections.ListDictionaryInternal
	TargetSite : System.Collections.Queue GetCmdQueue_CMD(System.String, System.String)
	HResult : -2146233088
	Stack Trace :    在 IotPlatform.WebController.RaspberryPiController.GetCmdQueue_CMD(String authkey, String dkey) 位置 f:\efwplus_webframe\物联网平台\IotPlatform\WebController\RaspberryPiController.cs:行号 76
	   在 IotPlatform.WebController.RaspberryPiController.GetRaspberryPiData() 位置 f:\efwplus_webframe\物联网平台\IotPlatform\WebController\RaspberryPiController.cs:行号 153



Category: FileLog

Priority: 0

EventId: 100

Severity: Error

Title:Enterprise Library Exception Handling

Machine: UALG394S3SBEXSU

App Domain: b623abb1-1-130960208191688368

ProcessId: 7956

Process Name: C:\Program Files (x86)\Common Files\Microsoft Shared\DevServer\11.0\WebDev.WebServer40.exe

Thread Name: 

Win32 ThreadId:6948

Extended Properties: 
----------------------------------------
